2025-04-04 03:27:41.138186 - Received CBT.V508.FILE1008.PDS from FILE1008.XMI 
2025-04-04 03:27:41.139005 - Found $$$#DATE.txt (text/plain) in CBT.V508.FILE1008.PDS, moved to PDS/$$$#DATE
2025-04-04 03:27:41.139151 - Found $$$INDEX.txt (text/plain) in CBT.V508.FILE1008.PDS, moved to PDS/$$$INDEX
2025-04-04 03:27:41.139314 - Found $$INSTAL.txt (text/plain) in CBT.V508.FILE1008.PDS, moved to PDS/$$INSTAL
2025-04-04 03:27:41.139440 - Found $$NOTE00.txt (text/plain) in CBT.V508.FILE1008.PDS, moved to PDS/$$NOTE00
2025-04-04 03:27:41.139559 - Found @FIL1008.txt (text/plain) in CBT.V508.FILE1008.PDS, moved to PDS/@FIL1008
2025-04-04 03:27:41.139752 - Found ISPPLIB.xmi (application/xmit) in CBT.V508.FILE1008.PDS, moved to PDS/ISPPLIB.xmi
2025-04-04 03:27:41.144604 - Received ABBYDALE.ISPPREP.ISPPLIB from ISPPLIB.xmi 
2025-04-04 03:27:41.144959 - Found ISPPREPA.bin (application/octet-stream) in ABBYDALE.ISPPREP.ISPPLIB, moved to ISPPLIB/ISPPREPA
2025-04-04 03:27:41.145289 - Found JCL.xmi (application/xmit) in CBT.V508.FILE1008.PDS, moved to PDS/JCL.xmi
2025-04-04 03:27:41.197236 - Received ABBYDALE.ISPPREP.JCL from JCL.xmi 
2025-04-04 03:27:41.197765 - Found ASL0001.txt (text/plain) in ABBYDALE.ISPPREP.JCL, moved to JCL/ASL0001
2025-04-04 03:27:41.197907 - Found ASL0002.txt (text/plain) in ABBYDALE.ISPPREP.JCL, moved to JCL/ASL0002
2025-04-04 03:27:41.198223 - Found IEBCOPY.jcl (text/plain) in ABBYDALE.ISPPREP.JCL, moved to JCL/IEBCOPY
2025-04-04 03:27:41.198356 - Found IEBCOPY2.jcl (text/plain) in ABBYDALE.ISPPREP.JCL, moved to JCL/IEBCOPY2
2025-04-04 03:27:41.198475 - Found SMPEJCL.jcl (text/plain) in ABBYDALE.ISPPREP.JCL, moved to JCL/SMPEJCL
2025-04-04 03:27:41.198591 - Found SMPEPROC.txt (text/plain) in ABBYDALE.ISPPREP.JCL, moved to JCL/SMPEPROC
2025-04-04 03:27:41.198707 - Found ZAP.jcl (text/plain) in ABBYDALE.ISPPREP.JCL, moved to JCL/ZAP
2025-04-04 03:27:41.199185 - Found LOADLIB.xmi (application/xmit) in CBT.V508.FILE1008.PDS, moved to PDS/LOADLIB.xmi
2025-04-04 03:27:41.204916 - Received ABBYDALE.ISPPREP.LOADLIB from LOADLIB.xmi 
2025-04-04 03:27:41.205246 - Found ISPPREP.bin (application/octet-stream) in ABBYDALE.ISPPREP.LOADLIB, moved to LOADLIB/ISPPREP
2025-04-04 03:27:41.205525 - Found README.txt (text/plain) in CBT.V508.FILE1008.PDS, moved to PDS/README
2025-04-04 03:27:41.205678 - Found UNPACK.rexx (text/plain) in CBT.V508.FILE1008.PDS, moved to PDS/UNPACK
